Build started 15.12.2015 02:23:35.
     1>Project "G:\FH\Sem5\CSE\Showroom\Showroom\Showroom.vcxproj" on node 2 (Build target(s)).
     1>ClCompile:
         G:\Programme\Visual Studio 14.0\VC\bin\x86_amd64\CL.exe /c /I"..\..\SFML-2.3.2\include" /I..\..\tinyobjloader /Zi /nologo /W3 /WX- /O2 /Oi /GL /D NDEBUG /D _CONSOLE /D _UNICODE /D UNICODE /Gm- /EHsc /MD /GS /Gy /fp:precise /Zc:wchar_t /Zc:forScope /Zc:inline /Fo"x64\Release\\" /Fd"x64\Release\vc140.pdb" /Gd /TP /errorReport:prompt universe.cpp
         universe.cpp
     1>universe.cpp(124): warning C4267: 'argument': conversion from 'size_t' to 'GLsizei', possible loss of data
     1>universe.cpp(417): warning C4267: 'initializing': conversion from 'size_t' to 'int', possible loss of data
       Link:
         G:\Programme\Visual Studio 14.0\VC\bin\x86_amd64\link.exe /ERRORREPORT:PROMPT /OUT:"G:\FH\Sem5\CSE\Showroom\x64\Release\Showroom.exe" /INCREMENTAL:NO /NOLOGO /LIBPATH:"..\..\SFML-2.3.2\lib" opengl32.lib glu32.lib flac.lib freetype.lib jpeg.lib ogg.lib openal32.lib "sfml-audio.lib" "sfml-audio-s.lib" "sfml-graphics-s.lib" "sfml-graphics.lib" "sfml-main.lib" "sfml-network-s.lib" "sfml-network.lib" "sfml-system-s.lib" "sfml-system.lib" "sfml-window-s.lib" "sfml-window.lib" vorbis.lib vorbisenc.lib vorbisfile.lib kernel32.lib user32.lib gdi32.lib winspool.lib comdlg32.lib advapi32.lib shell32.lib ole32.lib oleaut32.lib uuid.lib odbc32.lib odbccp32.lib /MANIFEST /MANIFESTUAC:"level='asInvoker' uiAccess='false'" /manifest:embed /Debug /PDB:"G:\FH\Sem5\CSE\Showroom\x64\Release\Showroom.pdb" /SUBSYSTEM:CONSOLE /OPT:REF /OPT:ICF /LTCG:incremental /TLBID:1 /DYNAMICBASE /NXCOMPAT /IMPLIB:"G:\FH\Sem5\CSE\Showroom\x64\Release\Showroom.lib" /MACHINE:X64 x64\Release\tiny_obj_loader.obj
         x64\Release\Showroom_OpenGL.obj
         x64\Release\universe.obj
         Generating code
         4 of 2012 functions ( 0.2%) were compiled, the rest were copied from previous compilation.
           0 functions were new in current compilation
           0 functions had inline decision re-evaluated but remain unchanged
         Finished generating code
         Showroom.vcxproj -> G:\FH\Sem5\CSE\Showroom\x64\Release\Showroom.exe
     1>Done Building Project "G:\FH\Sem5\CSE\Showroom\Showroom\Showroom.vcxproj" (Build target(s)).

Build succeeded.

Time Elapsed 00:00:04.99
