Build started 29.11.2015 00:24:05.
     1>Project "G:\FH\Sem5\CSE\Showroom\Showroom\Showroom.vcxproj" on node 2 (Build target(s)).
     1>Link:
         G:\Programme\Visual Studio 14.0\VC\bin\link.exe /ERRORREPORT:PROMPT /OUT:"G:\FH\Sem5\CSE\Showroom\Debug\Showroom.exe" /INCREMENTAL /NOLOGO /LIBPATH:"G:\FH\Sem5\CSE\freeglut-3.0.0\build\lib\Debug" kernel32.lib user32.lib gdi32.lib winspool.lib comdlg32.lib advapi32.lib shell32.lib ole32.lib oleaut32.lib uuid.lib odbc32.lib odbccp32.lib /MANIFEST /MANIFESTUAC:"level='asInvoker' uiAccess='false'" /manifest:embed /Debug /PDB:"G:\FH\Sem5\CSE\Showroom\Debug\Showroom.pdb" /SUBSYSTEM:CONSOLE /TLBID:1 /DYNAMICBASE /NXCOMPAT /IMPLIB:"G:\FH\Sem5\CSE\Showroom\Debug\Showroom.lib" /MACHINE:X86 Debug\tiny_obj_loader.obj
         Debug\Showroom.obj
     1>Showroom.obj : error LNK2019: unresolved external symbol __imp__glutInitWindowPosition@8 referenced in function _main
     1>Showroom.obj : error LNK2019: unresolved external symbol __imp__glutInitWindowSize@8 referenced in function _main
     1>Showroom.obj : error LNK2019: unresolved external symbol __imp__glutInitDisplayMode@4 referenced in function _main
     1>Showroom.obj : error LNK2019: unresolved external symbol __imp__glutMainLoop@0 referenced in function _main
     1>Showroom.obj : error LNK2019: unresolved external symbol __imp__glutDestroyWindow@4 referenced in function "void __cdecl keyPressed(unsigned char,int,int)" (?keyPressed@@YAXEHH@Z)
     1>Showroom.obj : error LNK2019: unresolved external symbol __imp__glutPostRedisplay@0 referenced in function "void __cdecl timer(int)" (?timer@@YAXH@Z)
     1>Showroom.obj : error LNK2019: unresolved external symbol __imp__glutSwapBuffers@0 referenced in function "void __cdecl display(void)" (?display@@YAXXZ)
     1>Showroom.obj : error LNK2019: unresolved external symbol __imp__glutTimerFunc@12 referenced in function "void __cdecl timer(int)" (?timer@@YAXH@Z)
     1>Showroom.obj : error LNK2019: unresolved external symbol __imp__glutKeyboardFunc@4 referenced in function _main
     1>Showroom.obj : error LNK2019: unresolved external symbol __imp__glutSpecialFunc@4 referenced in function _main
     1>Showroom.obj : error LNK2019: unresolved external symbol __imp__glutReshapeFunc@4 referenced in function _main
     1>Showroom.obj : error LNK2019: unresolved external symbol __imp__glutDisplayFunc@4 referenced in function _main
     1>Showroom.obj : error LNK2019: unresolved external symbol __imp__glutWireSphere@16 referenced in function "void __cdecl display(void)" (?display@@YAXXZ)
     1>Showroom.obj : error LNK2019: unresolved external symbol __imp____glutInitWithExit@12 referenced in function _glutInit_ATEXIT_HACK@8
     1>Showroom.obj : error LNK2019: unresolved external symbol __imp____glutCreateWindowWithExit@8 referenced in function _glutCreateWindow_ATEXIT_HACK@4
     1>G:\FH\Sem5\CSE\freeglut-3.0.0\build\lib\Debug\freeglutd.lib : warning LNK4272: library machine type 'x64' conflicts with target machine type 'X86'
     1>G:\FH\Sem5\CSE\Showroom\Debug\Showroom.exe : fatal error LNK1120: 15 unresolved externals
     1>Done Building Project "G:\FH\Sem5\CSE\Showroom\Showroom\Showroom.vcxproj" (Build target(s)) -- FAILED.

Build FAILED.

Time Elapsed 00:00:01.27
