Build started 02.12.2015 02:37:19.
     1>Project "G:\FH\Sem5\CSE\Showroom\Showroom\Showroom.vcxproj" on node 2 (Build target(s)).
     1>ClCompile:
         G:\Programme\Visual Studio 14.0\VC\bin\x86_amd64\CL.exe /c /I"G:\FH\Sem5\CSE\freeglut-3.0.0\include" /I..\..\tinyobjloader /ZI /nologo /W3 /WX- /Od /D _DEBUG /D _CONSOLE /D _UNICODE /D UNICODE /Gm /EHsc /RTC1 /MDd /GS /fp:precise /Zc:wchar_t /Zc:forScope /Zc:inline /Fo"x64\Debug\\" /Fd"x64\Debug\vc140.pdb" /Gd /TP /errorReport:prompt Showroom.cpp
         Showroom.cpp
     1>g:\fh\sem5\cse\showroom\showroom\showroom.cpp(156): warning C4267: 'argument': conversion from 'size_t' to 'GLsizei', possible loss of data
     1>g:\fh\sem5\cse\showroom\showroom\showroom.cpp(198): warning C4244: 'argument': conversion from 'double' to 'unsigned int', possible loss of data
     1>g:\fh\sem5\cse\showroom\showroom\showroom.cpp(279): warning C4244: 'argument': conversion from 'double' to 'unsigned int', possible loss of data
     1>g:\fh\sem5\cse\showroom\showroom\showroom.cpp(227): warning C4477: 'printf' : format string '%ld' requires an argument of type 'long', but variadic argument 1 has type 'size_t'
         g:\fh\sem5\cse\showroom\showroom\showroom.cpp(227): note: consider using '%zd' in the format string
     1>g:\fh\sem5\cse\showroom\showroom\showroom.cpp(228): warning C4477: 'printf' : format string '%ld' requires an argument of type 'long', but variadic argument 1 has type 'size_t'
         g:\fh\sem5\cse\showroom\showroom\showroom.cpp(228): note: consider using '%zd' in the format string
     1>g:\fh\sem5\cse\showroom\showroom\showroom.cpp(228): warning C4477: 'printf' : format string '%ld' requires an argument of type 'long', but variadic argument 2 has type 'unsigned __int64'
         g:\fh\sem5\cse\showroom\showroom\showroom.cpp(228): note: consider using '%zd' in the format string
     1>g:\fh\sem5\cse\showroom\showroom\showroom.cpp(229): warning C4477: 'printf' : format string '%ld' requires an argument of type 'long', but variadic argument 1 has type 'size_t'
         g:\fh\sem5\cse\showroom\showroom\showroom.cpp(229): note: consider using '%zd' in the format string
     1>g:\fh\sem5\cse\showroom\showroom\showroom.cpp(229): warning C4477: 'printf' : format string '%ld' requires an argument of type 'long', but variadic argument 2 has type 'unsigned __int64'
         g:\fh\sem5\cse\showroom\showroom\showroom.cpp(229): note: consider using '%zd' in the format string
     1>g:\fh\sem5\cse\showroom\showroom\showroom.cpp(232): warning C4477: 'printf' : format string '%ld' requires an argument of type 'long', but variadic argument 1 has type 'size_t'
         g:\fh\sem5\cse\showroom\showroom\showroom.cpp(232): note: consider using '%zd' in the format string
     1>g:\fh\sem5\cse\showroom\showroom\showroom.cpp(235): warning C4477: 'printf' : format string '%ld' requires an argument of type 'long', but variadic argument 1 has type 'size_t'
         g:\fh\sem5\cse\showroom\showroom\showroom.cpp(235): note: consider using '%zd' in the format string
     1>g:\fh\sem5\cse\showroom\showroom\showroom.cpp(235): warning C4477: 'printf' : format string '%ld' requires an argument of type 'long', but variadic argument 2 has type 'unsigned __int64'
         g:\fh\sem5\cse\showroom\showroom\showroom.cpp(235): note: consider using '%zd' in the format string
     1>g:\fh\sem5\cse\showroom\showroom\showroom.cpp(241): warning C4477: 'printf' : format string '%ld' requires an argument of type 'long', but variadic argument 1 has type 'size_t'
         g:\fh\sem5\cse\showroom\showroom\showroom.cpp(241): note: consider using '%zd' in the format string
     1>g:\fh\sem5\cse\showroom\showroom\showroom.cpp(246): warning C4477: 'printf' : format string '%ld' requires an argument of type 'long', but variadic argument 1 has type 'size_t'
         g:\fh\sem5\cse\showroom\showroom\showroom.cpp(246): note: consider using '%zd' in the format string
       Link:
         G:\Programme\Visual Studio 14.0\VC\bin\x86_amd64\link.exe /ERRORREPORT:PROMPT /OUT:"G:\FH\Sem5\CSE\Showroom\x64\Debug\Showroom.exe" /INCREMENTAL /NOLOGO /LIBPATH:"G:\FH\Sem5\CSE\freeglut-3.0.0\build\lib\Debug" kernel32.lib user32.lib gdi32.lib winspool.lib comdlg32.lib advapi32.lib shell32.lib ole32.lib oleaut32.lib uuid.lib odbc32.lib odbccp32.lib /MANIFEST /MANIFESTUAC:"level='asInvoker' uiAccess='false'" /manifest:embed /Debug /PDB:"G:\FH\Sem5\CSE\Showroom\x64\Debug\Showroom.pdb" /SUBSYSTEM:CONSOLE /TLBID:1 /DYNAMICBASE /NXCOMPAT /IMPLIB:"G:\FH\Sem5\CSE\Showroom\x64\Debug\Showroom.lib" /MACHINE:X64 x64\Debug\tiny_obj_loader.obj
         x64\Debug\Showroom.obj
         Showroom.vcxproj -> G:\FH\Sem5\CSE\Showroom\x64\Debug\Showroom.exe
     1>Done Building Project "G:\FH\Sem5\CSE\Showroom\Showroom\Showroom.vcxproj" (Build target(s)).

Build succeeded.

Time Elapsed 00:00:03.48
